TN:
SF:/home/ernesto/Documents/Github/platziverse/platziverse-db/tests/agent-test.js
FN:19,(anonymous_10)
FN:27,(anonymous_11)
FN:28,(anonymous_12)
FN:34,(anonymous_13)
FN:38,(anonymous_14)
FN:42,(anonymous_15)
FNF:6
FNH:1
FNDA:2,(anonymous_10)
FNDA:0,(anonymous_11)
FNDA:0,(anonymous_12)
FNDA:0,(anonymous_13)
FNDA:0,(anonymous_14)
FNDA:0,(anonymous_15)
DA:3,1
DA:4,1
DA:5,1
DA:7,1
DA:11,1
DA:15,1
DA:16,1
DA:17,1
DA:19,1
DA:20,2
DA:22,2
DA:26,2
DA:27,0
DA:28,0
DA:31,0
DA:34,1
DA:35,0
DA:38,1
DA:39,0
DA:42,1
DA:43,0
DA:44,0
DA:45,0
DA:46,0
LF:24
LH:15
BRDA:35,0,0,0
BRDA:35,0,1,0
BRF:2
BRH:0
end_of_record
